<?xml version="1.0" encoding="UTF-8" ?>
<testsuite tests="1" failures="0" name="StepDefinitions.TestRunner" time="0.014" errors="1" skipped="0">
  <properties>
    <property name="java.runtime.name" value="Java(TM) SE Runtime Environment"/>
    <property name="sun.boot.library.path" value="C:\Program Files\Java\jdk1.8.0_202\jre\bin"/>
    <property name="java.vm.version" value="25.202-b08"/>
    <property name="java.vm.vendor" value="Oracle Corporation"/>
    <property name="maven.multiModuleProjectDirectory" value="D:\Java\diceCucumber"/>
    <property name="java.vendor.url" value="http://java.oracle.com/"/>
    <property name="path.separator" value=";"/>
    <property name="guice.disable.misplaced.annotation.check" value="true"/>
    <property name="java.vm.name" value="Java HotSpot(TM) 64-Bit Server VM"/>
    <property name="file.encoding.pkg" value="sun.io"/>
    <property name="user.script" value=""/>
    <property name="user.country" value="AU"/>
    <property name="sun.java.launcher" value="SUN_STANDARD"/>
    <property name="sun.os.patch.level" value=""/>
    <property name="java.vm.specification.name" value="Java Virtual Machine Specification"/>
    <property name="user.dir" value="D:\Java\diceCucumber"/>
    <property name="java.runtime.version" value="1.8.0_202-b08"/>
    <property name="java.awt.graphicsenv" value="sun.awt.Win32GraphicsEnvironment"/>
    <property name="java.endorsed.dirs" value="C:\Program Files\Java\jdk1.8.0_202\jre\lib\endorsed"/>
    <property name="os.arch" value="amd64"/>
    <property name="java.io.tmpdir" value="C:\Users\Anzo\AppData\Local\Temp\"/>
    <property name="line.separator" value="
"/>
    <property name="java.vm.specification.vendor" value="Oracle Corporation"/>
    <property name="user.variant" value=""/>
    <property name="os.name" value="Windows 10"/>
    <property name="classworlds.conf" value="C:\Users\Anzo\eclipse-workspace\.metadata\.plugins\org.eclipse.m2e.launching\launches\m2conf6290454547518783145.tmp"/>
    <property name="sun.jnu.encoding" value="Cp1252"/>
    <property name="java.library.path" value="C:\Program Files\Java\jdk1.8.0_202\bin;C:\WINDOWS\Sun\Java\bin;C:\WINDOWS\system32;C:\WINDOWS;C:/Program Files/Java/jdk-15.0.1/bin/server;C:/Program Files/Java/jdk-15.0.1/bin;C:\Program Files\Java\jdk1.8.0_202\bin;C:\Program Files\Java\jdk1.8.0_202;C:\ProgramData\Oracle\Java\javapath;D:\Maven\apache-maven-3.8.4\bin;D:\VMware\Workstation\bin\;C:\Python39\Scripts\;C:\Python39\;R:\Programming Software\Python\Scripts\;R:\Programming Software\Python\;C:\Program Files (x86)\Inno Setup 5\Compil32.exe;R:\Programming_Software\PuTTY\;C:\Program Files\NVIDIA Corporation\NVIDIA NvDLISR;C:\Program Files\Microsoft SQL Server\130\Tools\Binn\;R:\Programming_Software\Postgresql12\bin;C:\Users\Anzo\AppData\Local\Programs\Python\Python38-32;C:\WINDOWS\system32;C:\WINDOWS;C:\WINDOWS\System32\Wbem;C:\WINDOWS\System32\WindowsPowerShell\v1.0\;C:\WINDOWS\System32\OpenSSH\;C:\ProgramData\chocolatey\bin;C:\Users\Anzo\AppData\Roaming\nvm;C:\Program Files\nodejs;D:\php\php;C:\Program Files\Docker\Docker\resources\bin;C:\ProgramData\DockerDesktop\version-bin;C:\Program Files\dotnet\;C:\Program Files (x86)\dotnet\;D:\MicroFocus\LoadRunner\bin\Silk\Silk Performer 21.0;C:\Program Files (x86)\NVIDIA Corporation\PhysX\Common;C:\msys64\mingw64\bin;C:\msys64\bin;D:\WinSCP\;D:\Git\cmd;C:\Program Files\MySQL\MySQL Shell 8.0\bin\;C:\Users\Anzo\AppData\Local\Programs\Python\Python38-32\Scripts\;C:\Users\Anzo\AppData\Local\Programs\Python\Python38-32\;C:\ProgramData\Oracle\Java\javapath;C:\WINDOWS\system32;C:\WINDOWS;C:\WINDOWS\System32\Wbem;C:\WINDOWS\System32\WindowsPowerShell\v1.0\;C:\Program Files (x86)\NVIDIA Corporation\PhysX\Common;C:\Program Files (x86)\Common Files\Adobe\AGL;C:\Users\Anzo\AppData\Local\Microsoft\WindowsApps;R:\Programming Software\PyCharm\bin;C:\Program Files\JetBrains\PyCharm Community Edition 2020.1.2\bin;C:\Program Files\Java\jdk-11.0.2\bin;C:\Users\Anzo\AppData\Local\Microsoft\WindowsApps;S:\Developer\IntelliJ\IntelliJ IDEA Community Edition 2020.2.3\bin;S:\Developer\Microsoft VS Code\bin;D:\heroku\bin;C:\Users\Anzo\AppData\Roaming\nvm;C:\Program Files\nodejs;C:\Users\Anzo\.dotnet\tools;C:\msys64\mingw64\bin;S:\Developer\IntelliJ\IntelliJ IDEA Community Edition 2021.2.3\bin;;;C:\WINDOWS\System32;;."/>
    <property name="java.specification.name" value="Java Platform API Specification"/>
    <property name="java.class.version" value="52.0"/>
    <property name="sun.management.compiler" value="HotSpot 64-Bit Tiered Compilers"/>
    <property name="os.version" value="10.0"/>
    <property name="user.home" value="C:\Users\Anzo"/>
    <property name="user.timezone" value="Australia/Sydney"/>
    <property name="java.awt.printerjob" value="sun.awt.windows.WPrinterJob"/>
    <property name="java.specification.version" value="1.8"/>
    <property name="file.encoding" value="Cp1252"/>
    <property name="user.name" value="Anzo"/>
    <property name="java.class.path" value="C:\Users\Anzo\.p2\pool\plugins\org.eclipse.m2e.maven.runtime_1.16.0.20200610-1735\jars\plexus-classworlds-2.6.0.jar"/>
    <property name="java.vm.specification.version" value="1.8"/>
    <property name="sun.arch.data.model" value="64"/>
    <property name="java.home" value="C:\Program Files\Java\jdk1.8.0_202\jre"/>
    <property name="sun.java.command" value="org.codehaus.plexus.classworlds.launcher.Launcher -B install"/>
    <property name="java.specification.vendor" value="Oracle Corporation"/>
    <property name="user.language" value="en"/>
    <property name="awt.toolkit" value="sun.awt.windows.WToolkit"/>
    <property name="java.vm.info" value="mixed mode"/>
    <property name="java.version" value="1.8.0_202"/>
    <property name="java.ext.dirs" value="C:\Program Files\Java\jdk1.8.0_202\jre\lib\ext;C:\WINDOWS\Sun\Java\lib\ext"/>
    <property name="sun.boot.class.path" value="C:\Program Files\Java\jdk1.8.0_202\jre\lib\resources.jar;C:\Program Files\Java\jdk1.8.0_202\jre\lib\rt.jar;C:\Program Files\Java\jdk1.8.0_202\jre\lib\sunrsasign.jar;C:\Program Files\Java\jdk1.8.0_202\jre\lib\jsse.jar;C:\Program Files\Java\jdk1.8.0_202\jre\lib\jce.jar;C:\Program Files\Java\jdk1.8.0_202\jre\lib\charsets.jar;C:\Program Files\Java\jdk1.8.0_202\jre\lib\jfr.jar;C:\Program Files\Java\jdk1.8.0_202\jre\classes"/>
    <property name="java.vendor" value="Oracle Corporation"/>
    <property name="maven.home" value="D:\Java\diceCucumber\EMBEDDED"/>
    <property name="file.separator" value="\"/>
    <property name="java.vendor.url.bug" value="http://bugreport.sun.com/bugreport/"/>
    <property name="sun.cpu.endian" value="little"/>
    <property name="sun.io.unicode.encoding" value="UnicodeLittle"/>
    <property name="sun.desktop" value="windows"/>
    <property name="sun.cpu.isalist" value="amd64"/>
  </properties>
  <testcase classname="StepDefinitions.TestRunner" name="initializationError" time="0.014">
    <error message="Failed to parse resource at: file:///D:/Java/diceCucumber/src/test/resources/features/diceRoom.feature
(29:1): expected: #EOF, #TableRow, #DocStringSeparator, #StepLine, #TagLine, #ExamplesLine, #ScenarioLine, #RuleLine, #Comment, #Empty, got &apos;Feature: Username change on dice roll&apos;
(30:3): expected: #EOF, #TableRow, #DocStringSeparator, #StepLine, #TagLine, #ExamplesLine, #ScenarioLine, #RuleLine, #Comment, #Empty, got &apos;What to expect when a user changes username and rolls a dice&apos;" type="io.cucumber.core.gherkin.FeatureParserException">io.cucumber.core.gherkin.FeatureParserException: Failed to parse resource at: file:///D:/Java/diceCucumber/src/test/resources/features/diceRoom.feature
(29:1): expected: #EOF, #TableRow, #DocStringSeparator, #StepLine, #TagLine, #ExamplesLine, #ScenarioLine, #RuleLine, #Comment, #Empty, got &apos;Feature: Username change on dice roll&apos;
(30:3): expected: #EOF, #TableRow, #DocStringSeparator, #StepLine, #TagLine, #ExamplesLine, #ScenarioLine, #RuleLine, #Comment, #Empty, got &apos;What to expect when a user changes username and rolls a dice&apos;
	at io.cucumber.core.gherkin.messages.GherkinMessagesFeatureParser.parse(GherkinMessagesFeatureParser.java:53)
	at io.cucumber.core.feature.FeatureParser.parseResource(FeatureParser.java:45)
	at java.util.function.BiFunction.lambda$andThen$0(BiFunction.java:70)
	at io.cucumber.core.resource.ResourceScanner.lambda$processResource$1(ResourceScanner.java:79)
	at io.cucumber.core.resource.PathScanner$ResourceFileVisitor.visitFile(PathScanner.java:75)
	at io.cucumber.core.resource.PathScanner$ResourceFileVisitor.visitFile(PathScanner.java:60)
	at java.nio.file.Files.walkFileTree(Files.java:2670)
	at io.cucumber.core.resource.PathScanner.findResourcesForPath(PathScanner.java:53)
	at io.cucumber.core.resource.PathScanner.findResourcesForUri(PathScanner.java:31)
	at io.cucumber.core.resource.ResourceScanner.findResourcesForUri(ResourceScanner.java:61)
	at io.cucumber.core.resource.ResourceScanner.scanForResourcesUri(ResourceScanner.java:134)
	at io.cucumber.core.runtime.FeaturePathFeatureSupplier.loadFeatures(FeaturePathFeatureSupplier.java:62)
	at io.cucumber.core.runtime.FeaturePathFeatureSupplier.get(FeaturePathFeatureSupplier.java:45)
	at io.cucumber.junit.Cucumber.&lt;init&gt;(Cucumber.java:156)
	at sun.reflect.NativeConstructorAccessorImpl.newInstance0(Native Method)
	at sun.reflect.NativeConstructorAccessorImpl.newInstance(NativeConstructorAccessorImpl.java:62)
	at sun.reflect.DelegatingConstructorAccessorImpl.newInstance(DelegatingConstructorAccessorImpl.java:45)
	at java.lang.reflect.Constructor.newInstance(Constructor.java:423)
	at org.junit.internal.builders.AnnotatedBuilder.buildRunner(AnnotatedBuilder.java:104)
	at org.junit.internal.builders.AnnotatedBuilder.runnerForClass(AnnotatedBuilder.java:86)
	at org.junit.runners.model.RunnerBuilder.safeRunnerForClass(RunnerBuilder.java:70)
	at org.junit.internal.builders.AllDefaultPossibilitiesBuilder.runnerForClass(AllDefaultPossibilitiesBuilder.java:37)
	at org.junit.runners.model.RunnerBuilder.safeRunnerForClass(RunnerBuilder.java:70)
	at org.junit.internal.requests.ClassRequest.createRunner(ClassRequest.java:28)
	at org.junit.internal.requests.MemoizingRequest.getRunner(MemoizingRequest.java:19)
	at org.apache.maven.surefire.junit4.JUnit4Provider.execute(JUnit4Provider.java:250)
	at org.apache.maven.surefire.junit4.JUnit4Provider.executeTestSet(JUnit4Provider.java:141)
	at org.apache.maven.surefire.junit4.JUnit4Provider.invoke(JUnit4Provider.java:112)
	at sun.reflect.NativeMethodAccessorImpl.invoke0(Native Method)
	at sun.reflect.NativeMethodAccessorImpl.invoke(NativeMethodAccessorImpl.java:62)
	at sun.reflect.DelegatingMethodAccessorImpl.invoke(DelegatingMethodAccessorImpl.java:43)
	at java.lang.reflect.Method.invoke(Method.java:498)
	at org.apache.maven.surefire.util.ReflectionUtils.invokeMethodWithArray(ReflectionUtils.java:189)
	at org.apache.maven.surefire.booter.ProviderFactory$ProviderProxy.invoke(ProviderFactory.java:165)
	at org.apache.maven.surefire.booter.ProviderFactory.invokeProvider(ProviderFactory.java:85)
	at org.apache.maven.surefire.booter.ForkedBooter.runSuitesInProcess(ForkedBooter.java:115)
	at org.apache.maven.surefire.booter.ForkedBooter.main(ForkedBooter.java:75)
</error>
  </testcase>
</testsuite>